The system is: Linux - 3.13-1-amd64 - x86_64
Compiling the C compiler identification source file "CMakeCCompilerId.c" succeeded.
Compiler: /usr/bin/cc 
Build flags: 
Id flags: 

The output was:
0


Compilation of the C compiler identification source "CMakeCCompilerId.c" produced "a.out"

The C compiler identification is GNU, found in "/autofs/netapp/account/cremi/ysenel/tmp/rapport/git/pdpSmithDr/build/CMakeFiles/2.8.12.1/CompilerIdC/a.out"

Compiling the CXX compiler identification source file "CMakeCXXCompilerId.cpp" succeeded.
Compiler: /usr/bin/c++ 
Build flags: 
Id flags: 

The output was:
0


Compilation of the CXX compiler identification source "CMakeCXXCompilerId.cpp" produced "a.out"

The CXX compiler identification is GNU, found in "/autofs/netapp/account/cremi/ysenel/tmp/rapport/git/pdpSmithDr/build/CMakeFiles/2.8.12.1/CompilerIdCXX/a.out"

Determining if the C compiler works passed with the following output:
Change Dir: /autofs/netapp/account/cremi/ysenel/tmp/rapport/git/pdpSmithDr/build/CMakeFiles/CMakeTmp

Run Build Command:/usr/bin/make "cmTryCompileExec206569365/fast"
/usr/bin/make -f CMakeFiles/cmTryCompileExec206569365.dir/build.make CMakeFiles/cmTryCompileExec206569365.dir/build
make[1]: entrant dans le répertoire « /autofs/netapp/account/cremi/ysenel/tmp/rapport/git/pdpSmithDr/build/CMakeFiles/CMakeTmp »
/usr/bin/cmake -E cmake_progress_report /autofs/netapp/account/cremi/ysenel/tmp/rapport/git/pdpSmithDr/build/CMakeFiles/CMakeTmp/CMakeFiles 1
Building C object CMakeFiles/cmTryCompileExec206569365.dir/testCCompiler.c.o
/usr/bin/cc    -o CMakeFiles/cmTryCompileExec206569365.dir/testCCompiler.c.o   -c /autofs/netapp/account/cremi/ysenel/tmp/rapport/git/pdpSmithDr/build/CMakeFiles/CMakeTmp/testCCompiler.c
Linking C executable cmTryCompileExec206569365
/usr/bin/cmake -E cmake_link_script CMakeFiles/cmTryCompileExec206569365.dir/link.txt --verbose=1
/usr/bin/cc       CMakeFiles/cmTryCompileExec206569365.dir/testCCompiler.c.o  -o cmTryCompileExec206569365 -rdynamic 
make[1]: quittant le répertoire « /autofs/netapp/account/cremi/ysenel/tmp/rapport/git/pdpSmithDr/build/CMakeFiles/CMakeTmp »


Detecting C compiler ABI info compiled with the following output:
Change Dir: /autofs/netapp/account/cremi/ysenel/tmp/rapport/git/pdpSmithDr/build/CMakeFiles/CMakeTmp

Run Build Command:/usr/bin/make "cmTryCompileExec947594474/fast"
/usr/bin/make -f CMakeFiles/cmTryCompileExec947594474.dir/build.make CMakeFiles/cmTryCompileExec947594474.dir/build
make[1]: entrant dans le répertoire « /autofs/netapp/account/cremi/ysenel/tmp/rapport/git/pdpSmithDr/build/CMakeFiles/CMakeTmp »
/usr/bin/cmake -E cmake_progress_report /autofs/netapp/account/cremi/ysenel/tmp/rapport/git/pdpSmithDr/build/CMakeFiles/CMakeTmp/CMakeFiles 1
Building C object CMakeFiles/cmTryCompileExec947594474.dir/CMakeCCompilerABI.c.o
/usr/bin/cc    -o CMakeFiles/cmTryCompileExec947594474.dir/CMakeCCompilerABI.c.o   -c /usr/share/cmake-2.8/Modules/CMakeCCompilerABI.c
Linking C executable cmTryCompileExec947594474
/usr/bin/cmake -E cmake_link_script CMakeFiles/cmTryCompileExec947594474.dir/link.txt --verbose=1
/usr/bin/cc     -v CMakeFiles/cmTryCompileExec947594474.dir/CMakeCCompilerABI.c.o  -o cmTryCompileExec947594474 -rdynamic  
Using built-in specs.
COLLECT_GCC=/usr/bin/cc
COLLECT_LTO_WRAPPER=/usr/lib/gcc/x86_64-linux-gnu/4.8/lto-wrapper
Target: x86_64-linux-gnu
Configured with: ../src/configure -v --with-pkgversion='Debian 4.8.2-16' --with-bugurl=file:///usr/share/doc/gcc-4.8/README.Bugs --enable-languages=c,c++,java,go,d,fortran,objc,obj-c++ --prefix=/usr --program-suffix=-4.8 --enable-shared --enable-linker-build-id --libexecdir=/usr/lib --without-included-gettext --enable-threads=posix --with-gxx-include-dir=/usr/include/c++/4.8 --libdir=/usr/lib --enable-nls --with-sysroot=/ --enable-clocale=gnu --enable-libstdcxx-debug --enable-libstdcxx-time=yes --enable-gnu-unique-object --disable-libmudflap --enable-plugin --with-system-zlib --disable-browser-plugin --enable-java-awt=gtk --enable-gtk-cairo --with-java-home=/usr/lib/jvm/java-1.5.0-gcj-4.8-amd64/jre --enable-java-home --with-jvm-root-dir=/usr/lib/jvm/java-1.5.0-gcj-4.8-amd64 --with-jvm-jar-dir=/usr/lib/jvm-exports/java-1.5.0-gcj-4.8-amd64 --with-arch-directory=amd64 --with-ecj-jar=/usr/share/java/eclipse-ecj.jar --enable-objc-gc --enable-multiarch --with-arch-32=i586 --with-abi=m64 --with-multilib-list=m32,m64,mx32 --with-tune=generic --enable-checking=release --build=x86_64-linux-gnu --host=x86_64-linux-gnu --target=x86_64-linux-gnu
Thread model: posix
gcc version 4.8.2 (Debian 4.8.2-16) 
COMPILER_PATH=/usr/lib/gcc/x86_64-linux-gnu/4.8/:/usr/lib/gcc/x86_64-linux-gnu/4.8/:/usr/lib/gcc/x86_64-linux-gnu/:/usr/lib/gcc/x86_64-linux-gnu/4.8/:/usr/lib/gcc/x86_64-linux-gnu/
LIBRARY_PATH=/usr/lib/gcc/x86_64-linux-gnu/4.8/:/usr/lib/gcc/x86_64-linux-gnu/4.8/../../../x86_64-linux-gnu/:/usr/lib/gcc/x86_64-linux-gnu/4.8/../../../../lib/:/lib/x86_64-linux-gnu/:/lib/../lib/:/usr/lib/x86_64-linux-gnu/:/usr/lib/../lib/:/usr/lib/gcc/x86_64-linux-gnu/4.8/../../../:/lib/:/usr/lib/
COLLECT_GCC_OPTIONS='-v' '-o' 'cmTryCompileExec947594474' '-rdynamic' '-mtune=generic' '-march=x86-64'
 /usr/lib/gcc/x86_64-linux-gnu/4.8/collect2 --sysroot=/ --build-id --eh-frame-hdr -m elf_x86_64 --hash-style=gnu -export-dynamic -dynamic-linker /lib64/ld-linux-x86-64.so.2 -o cmTryCompileExec947594474 /usr/lib/gcc/x86_64-linux-gnu/4.8/../../../x86_64-linux-gnu/crt1.o /usr/lib/gcc/x86_64-linux-gnu/4.8/../../../x86_64-linux-gnu/crti.o /usr/lib/gcc/x86_64-linux-gnu/4.8/crtbegin.o -L/usr/lib/gcc/x86_64-linux-gnu/4.8 -L/usr/lib/gcc/x86_64-linux-gnu/4.8/../../../x86_64-linux-gnu -L/usr/lib/gcc/x86_64-linux-gnu/4.8/../../../../lib -L/lib/x86_64-linux-gnu -L/lib/../lib -L/usr/lib/x86_64-linux-gnu -L/usr/lib/../lib -L/usr/lib/gcc/x86_64-linux-gnu/4.8/../../.. CMakeFiles/cmTryCompileExec947594474.dir/CMakeCCompilerABI.c.o -lgcc --as-needed -lgcc_s --no-as-needed -lc -lgcc --as-needed -lgcc_s --no-as-needed /usr/lib/gcc/x86_64-linux-gnu/4.8/crtend.o /usr/lib/gcc/x86_64-linux-gnu/4.8/../../../x86_64-linux-gnu/crtn.o
make[1]: quittant le répertoire « /autofs/netapp/account/cremi/ysenel/tmp/rapport/git/pdpSmithDr/build/CMakeFiles/CMakeTmp »


Parsed C implicit link information from above output:
  link line regex: [^( *|.*[/\])(ld|([^/\]+-)?ld|collect2)[^/\]*( |$)]
  ignore line: [Change Dir: /autofs/netapp/account/cremi/ysenel/tmp/rapport/git/pdpSmithDr/build/CMakeFiles/CMakeTmp]
  ignore line: []
  ignore line: [Run Build Command:/usr/bin/make "cmTryCompileExec947594474/fast"]
  ignore line: [/usr/bin/make -f CMakeFiles/cmTryCompileExec947594474.dir/build.make CMakeFiles/cmTryCompileExec947594474.dir/build]
  ignore line: [make[1]: entrant dans le répertoire « /autofs/netapp/account/cremi/ysenel/tmp/rapport/git/pdpSmithDr/build/CMakeFiles/CMakeTmp »]
  ignore line: [/usr/bin/cmake -E cmake_progress_report /autofs/netapp/account/cremi/ysenel/tmp/rapport/git/pdpSmithDr/build/CMakeFiles/CMakeTmp/CMakeFiles 1]
  ignore line: [Building C object CMakeFiles/cmTryCompileExec947594474.dir/CMakeCCompilerABI.c.o]
  ignore line: [/usr/bin/cc    -o CMakeFiles/cmTryCompileExec947594474.dir/CMakeCCompilerABI.c.o   -c /usr/share/cmake-2.8/Modules/CMakeCCompilerABI.c]
  ignore line: [Linking C executable cmTryCompileExec947594474]
  ignore line: [/usr/bin/cmake -E cmake_link_script CMakeFiles/cmTryCompileExec947594474.dir/link.txt --verbose=1]
  ignore line: [/usr/bin/cc     -v CMakeFiles/cmTryCompileExec947594474.dir/CMakeCCompilerABI.c.o  -o cmTryCompileExec947594474 -rdynamic  ]
  ignore line: [Using built-in specs.]
  ignore line: [COLLECT_GCC=/usr/bin/cc]
  ignore line: [COLLECT_LTO_WRAPPER=/usr/lib/gcc/x86_64-linux-gnu/4.8/lto-wrapper]
  ignore line: [Target: x86_64-linux-gnu]
  ignore line: [Configured with: ../src/configure -v --with-pkgversion='Debian 4.8.2-16' --with-bugurl=file:///usr/share/doc/gcc-4.8/README.Bugs --enable-languages=c,c++,java,go,d,fortran,objc,obj-c++ --prefix=/usr --program-suffix=-4.8 --enable-shared --enable-linker-build-id --libexecdir=/usr/lib --without-included-gettext --enable-threads=posix --with-gxx-include-dir=/usr/include/c++/4.8 --libdir=/usr/lib --enable-nls --with-sysroot=/ --enable-clocale=gnu --enable-libstdcxx-debug --enable-libstdcxx-time=yes --enable-gnu-unique-object --disable-libmudflap --enable-plugin --with-system-zlib --disable-browser-plugin --enable-java-awt=gtk --enable-gtk-cairo --with-java-home=/usr/lib/jvm/java-1.5.0-gcj-4.8-amd64/jre --enable-java-home --with-jvm-root-dir=/usr/lib/jvm/java-1.5.0-gcj-4.8-amd64 --with-jvm-jar-dir=/usr/lib/jvm-exports/java-1.5.0-gcj-4.8-amd64 --with-arch-directory=amd64 --with-ecj-jar=/usr/share/java/eclipse-ecj.jar --enable-objc-gc --enable-multiarch --with-arch-32=i586 --with-abi=m64 --with-multilib-list=m32,m64,mx32 --with-tune=generic --enable-checking=release --build=x86_64-linux-gnu --host=x86_64-linux-gnu --target=x86_64-linux-gnu]
  ignore line: [Thread model: posix]
  ignore line: [gcc version 4.8.2 (Debian 4.8.2-16) ]
  ignore line: [COMPILER_PATH=/usr/lib/gcc/x86_64-linux-gnu/4.8/:/usr/lib/gcc/x86_64-linux-gnu/4.8/:/usr/lib/gcc/x86_64-linux-gnu/:/usr/lib/gcc/x86_64-linux-gnu/4.8/:/usr/lib/gcc/x86_64-linux-gnu/]
  ignore line: [LIBRARY_PATH=/usr/lib/gcc/x86_64-linux-gnu/4.8/:/usr/lib/gcc/x86_64-linux-gnu/4.8/../../../x86_64-linux-gnu/:/usr/lib/gcc/x86_64-linux-gnu/4.8/../../../../lib/:/lib/x86_64-linux-gnu/:/lib/../lib/:/usr/lib/x86_64-linux-gnu/:/usr/lib/../lib/:/usr/lib/gcc/x86_64-linux-gnu/4.8/../../../:/lib/:/usr/lib/]
  ignore line: [COLLECT_GCC_OPTIONS='-v' '-o' 'cmTryCompileExec947594474' '-rdynamic' '-mtune=generic' '-march=x86-64']
  link line: [ /usr/lib/gcc/x86_64-linux-gnu/4.8/collect2 --sysroot=/ --build-id --eh-frame-hdr -m elf_x86_64 --hash-style=gnu -export-dynamic -dynamic-linker /lib64/ld-linux-x86-64.so.2 -o cmTryCompileExec947594474 /usr/lib/gcc/x86_64-linux-gnu/4.8/../../../x86_64-linux-gnu/crt1.o /usr/lib/gcc/x86_64-linux-gnu/4.8/../../../x86_64-linux-gnu/crti.o /usr/lib/gcc/x86_64-linux-gnu/4.8/crtbegin.o -L/usr/lib/gcc/x86_64-linux-gnu/4.8 -L/usr/lib/gcc/x86_64-linux-gnu/4.8/../../../x86_64-linux-gnu -L/usr/lib/gcc/x86_64-linux-gnu/4.8/../../../../lib -L/lib/x86_64-linux-gnu -L/lib/../lib -L/usr/lib/x86_64-linux-gnu -L/usr/lib/../lib -L/usr/lib/gcc/x86_64-linux-gnu/4.8/../../.. CMakeFiles/cmTryCompileExec947594474.dir/CMakeCCompilerABI.c.o -lgcc --as-needed -lgcc_s --no-as-needed -lc -lgcc --as-needed -lgcc_s --no-as-needed /usr/lib/gcc/x86_64-linux-gnu/4.8/crtend.o /usr/lib/gcc/x86_64-linux-gnu/4.8/../../../x86_64-linux-gnu/crtn.o]
    arg [/usr/lib/gcc/x86_64-linux-gnu/4.8/collect2] ==> ignore
    arg [--sysroot=/] ==> ignore
    arg [--build-id] ==> ignore
    arg [--eh-frame-hdr] ==> ignore
    arg [-m] ==> ignore
    arg [elf_x86_64] ==> ignore
    arg [--hash-style=gnu] ==> ignore
    arg [-export-dynamic] ==> ignore
    arg [-dynamic-linker] ==> ignore
    arg [/lib64/ld-linux-x86-64.so.2] ==> ignore
    arg [-o] ==> ignore
    arg [cmTryCompileExec947594474] ==> ignore
    arg [/usr/lib/gcc/x86_64-linux-gnu/4.8/../../../x86_64-linux-gnu/crt1.o] ==> ignore
    arg [/usr/lib/gcc/x86_64-linux-gnu/4.8/../../../x86_64-linux-gnu/crti.o] ==> ignore
    arg [/usr/lib/gcc/x86_64-linux-gnu/4.8/crtbegin.o] ==> ignore
    arg [-L/usr/lib/gcc/x86_64-linux-gnu/4.8] ==> dir [/usr/lib/gcc/x86_64-linux-gnu/4.8]
    arg [-L/usr/lib/gcc/x86_64-linux-gnu/4.8/../../../x86_64-linux-gnu] ==> dir [/usr/lib/gcc/x86_64-linux-gnu/4.8/../../../x86_64-linux-gnu]
    arg [-L/usr/lib/gcc/x86_64-linux-gnu/4.8/../../../../lib] ==> dir [/usr/lib/gcc/x86_64-linux-gnu/4.8/../../../../lib]
    arg [-L/lib/x86_64-linux-gnu] ==> dir [/lib/x86_64-linux-gnu]
    arg [-L/lib/../lib] ==> dir [/lib/../lib]
    arg [-L/usr/lib/x86_64-linux-gnu] ==> dir [/usr/lib/x86_64-linux-gnu]
    arg [-L/usr/lib/../lib] ==> dir [/usr/lib/../lib]
    arg [-L/usr/lib/gcc/x86_64-linux-gnu/4.8/../../..] ==> dir [/usr/lib/gcc/x86_64-linux-gnu/4.8/../../..]
    arg [CMakeFiles/cmTryCompileExec947594474.dir/CMakeCCompilerABI.c.o] ==> ignore
    arg [-lgcc] ==> lib [gcc]
    arg [--as-needed] ==> ignore
    arg [-lgcc_s] ==> lib [gcc_s]
    arg [--no-as-needed] ==> ignore
    arg [-lc] ==> lib [c]
    arg [-lgcc] ==> lib [gcc]
    arg [--as-needed] ==> ignore
    arg [-lgcc_s] ==> lib [gcc_s]
    arg [--no-as-needed] ==> ignore
    arg [/usr/lib/gcc/x86_64-linux-gnu/4.8/crtend.o] ==> ignore
    arg [/usr/lib/gcc/x86_64-linux-gnu/4.8/../../../x86_64-linux-gnu/crtn.o] ==> ignore
  remove lib [gcc]
  remove lib [gcc_s]
  remove lib [gcc]
  remove lib [gcc_s]
  collapse library dir [/usr/lib/gcc/x86_64-linux-gnu/4.8] ==> [/usr/lib/gcc/x86_64-linux-gnu/4.8]
  collapse library dir [/usr/lib/gcc/x86_64-linux-gnu/4.8/../../../x86_64-linux-gnu] ==> [/usr/lib/x86_64-linux-gnu]
  collapse library dir [/usr/lib/gcc/x86_64-linux-gnu/4.8/../../../../lib] ==> [/usr/lib]
  collapse library dir [/lib/x86_64-linux-gnu] ==> [/lib/x86_64-linux-gnu]
  collapse library dir [/lib/../lib] ==> [/lib]
  collapse library dir [/usr/lib/x86_64-linux-gnu] ==> [/usr/lib/x86_64-linux-gnu]
  collapse library dir [/usr/lib/../lib] ==> [/usr/lib]
  collapse library dir [/usr/lib/gcc/x86_64-linux-gnu/4.8/../../..] ==> [/usr/lib]
  implicit libs: [c]
  implicit dirs: [/usr/lib/gcc/x86_64-linux-gnu/4.8;/usr/lib/x86_64-linux-gnu;/usr/lib;/lib/x86_64-linux-gnu;/lib]
  implicit fwks: []


Determining if the CXX compiler works passed with the following output:
Change Dir: /autofs/netapp/account/cremi/ysenel/tmp/rapport/git/pdpSmithDr/build/CMakeFiles/CMakeTmp

Run Build Command:/usr/bin/make "cmTryCompileExec609377910/fast"
/usr/bin/make -f CMakeFiles/cmTryCompileExec609377910.dir/build.make CMakeFiles/cmTryCompileExec609377910.dir/build
make[1]: entrant dans le répertoire « /autofs/netapp/account/cremi/ysenel/tmp/rapport/git/pdpSmithDr/build/CMakeFiles/CMakeTmp »
/usr/bin/cmake -E cmake_progress_report /autofs/netapp/account/cremi/ysenel/tmp/rapport/git/pdpSmithDr/build/CMakeFiles/CMakeTmp/CMakeFiles 1
Building CXX object CMakeFiles/cmTryCompileExec609377910.dir/testCXXCompiler.cxx.o
/usr/bin/c++     -o CMakeFiles/cmTryCompileExec609377910.dir/testCXXCompiler.cxx.o -c /autofs/netapp/account/cremi/ysenel/tmp/rapport/git/pdpSmithDr/build/CMakeFiles/CMakeTmp/testCXXCompiler.cxx
Linking CXX executable cmTryCompileExec609377910
/usr/bin/cmake -E cmake_link_script CMakeFiles/cmTryCompileExec609377910.dir/link.txt --verbose=1
/usr/bin/c++        CMakeFiles/cmTryCompileExec609377910.dir/testCXXCompiler.cxx.o  -o cmTryCompileExec609377910 -rdynamic 
make[1]: quittant le répertoire « /autofs/netapp/account/cremi/ysenel/tmp/rapport/git/pdpSmithDr/build/CMakeFiles/CMakeTmp »


Detecting CXX compiler ABI info compiled with the following output:
Change Dir: /autofs/netapp/account/cremi/ysenel/tmp/rapport/git/pdpSmithDr/build/CMakeFiles/CMakeTmp

Run Build Command:/usr/bin/make "cmTryCompileExec1634698354/fast"
/usr/bin/make -f CMakeFiles/cmTryCompileExec1634698354.dir/build.make CMakeFiles/cmTryCompileExec1634698354.dir/build
make[1]: entrant dans le répertoire « /autofs/netapp/account/cremi/ysenel/tmp/rapport/git/pdpSmithDr/build/CMakeFiles/CMakeTmp »
/usr/bin/cmake -E cmake_progress_report /autofs/netapp/account/cremi/ysenel/tmp/rapport/git/pdpSmithDr/build/CMakeFiles/CMakeTmp/CMakeFiles 1
Building CXX object CMakeFiles/cmTryCompileExec1634698354.dir/CMakeCXXCompilerABI.cpp.o
/usr/bin/c++     -o CMakeFiles/cmTryCompileExec1634698354.dir/CMakeCXXCompilerABI.cpp.o -c /usr/share/cmake-2.8/Modules/CMakeCXXCompilerABI.cpp
Linking CXX executable cmTryCompileExec1634698354
/usr/bin/cmake -E cmake_link_script CMakeFiles/cmTryCompileExec1634698354.dir/link.txt --verbose=1
/usr/bin/c++      -v CMakeFiles/cmTryCompileExec1634698354.dir/CMakeCXXCompilerABI.cpp.o  -o cmTryCompileExec1634698354 -rdynamic  
Using built-in specs.
COLLECT_GCC=/usr/bin/c++
COLLECT_LTO_WRAPPER=/usr/lib/gcc/x86_64-linux-gnu/4.8/lto-wrapper
Target: x86_64-linux-gnu
Configured with: ../src/configure -v --with-pkgversion='Debian 4.8.2-16' --with-bugurl=file:///usr/share/doc/gcc-4.8/README.Bugs --enable-languages=c,c++,java,go,d,fortran,objc,obj-c++ --prefix=/usr --program-suffix=-4.8 --enable-shared --enable-linker-build-id --libexecdir=/usr/lib --without-included-gettext --enable-threads=posix --with-gxx-include-dir=/usr/include/c++/4.8 --libdir=/usr/lib --enable-nls --with-sysroot=/ --enable-clocale=gnu --enable-libstdcxx-debug --enable-libstdcxx-time=yes --enable-gnu-unique-object --disable-libmudflap --enable-plugin --with-system-zlib --disable-browser-plugin --enable-java-awt=gtk --enable-gtk-cairo --with-java-home=/usr/lib/jvm/java-1.5.0-gcj-4.8-amd64/jre --enable-java-home --with-jvm-root-dir=/usr/lib/jvm/java-1.5.0-gcj-4.8-amd64 --with-jvm-jar-dir=/usr/lib/jvm-exports/java-1.5.0-gcj-4.8-amd64 --with-arch-directory=amd64 --with-ecj-jar=/usr/share/java/eclipse-ecj.jar --enable-objc-gc --enable-multiarch --with-arch-32=i586 --with-abi=m64 --with-multilib-list=m32,m64,mx32 --with-tune=generic --enable-checking=release --build=x86_64-linux-gnu --host=x86_64-linux-gnu --target=x86_64-linux-gnu
Thread model: posix
gcc version 4.8.2 (Debian 4.8.2-16) 
COMPILER_PATH=/usr/lib/gcc/x86_64-linux-gnu/4.8/:/usr/lib/gcc/x86_64-linux-gnu/4.8/:/usr/lib/gcc/x86_64-linux-gnu/:/usr/lib/gcc/x86_64-linux-gnu/4.8/:/usr/lib/gcc/x86_64-linux-gnu/
LIBRARY_PATH=/usr/lib/gcc/x86_64-linux-gnu/4.8/:/usr/lib/gcc/x86_64-linux-gnu/4.8/../../../x86_64-linux-gnu/:/usr/lib/gcc/x86_64-linux-gnu/4.8/../../../../lib/:/lib/x86_64-linux-gnu/:/lib/../lib/:/usr/lib/x86_64-linux-gnu/:/usr/lib/../lib/:/usr/lib/gcc/x86_64-linux-gnu/4.8/../../../:/lib/:/usr/lib/
COLLECT_GCC_OPTIONS='-v' '-o' 'cmTryCompileExec1634698354' '-rdynamic' '-shared-libgcc' '-mtune=generic' '-march=x86-64'
 /usr/lib/gcc/x86_64-linux-gnu/4.8/collect2 --sysroot=/ --build-id --eh-frame-hdr -m elf_x86_64 --hash-style=gnu -export-dynamic -dynamic-linker /lib64/ld-linux-x86-64.so.2 -o cmTryCompileExec1634698354 /usr/lib/gcc/x86_64-linux-gnu/4.8/../../../x86_64-linux-gnu/crt1.o /usr/lib/gcc/x86_64-linux-gnu/4.8/../../../x86_64-linux-gnu/crti.o /usr/lib/gcc/x86_64-linux-gnu/4.8/crtbegin.o -L/usr/lib/gcc/x86_64-linux-gnu/4.8 -L/usr/lib/gcc/x86_64-linux-gnu/4.8/../../../x86_64-linux-gnu -L/usr/lib/gcc/x86_64-linux-gnu/4.8/../../../../lib -L/lib/x86_64-linux-gnu -L/lib/../lib -L/usr/lib/x86_64-linux-gnu -L/usr/lib/../lib -L/usr/lib/gcc/x86_64-linux-gnu/4.8/../../.. CMakeFiles/cmTryCompileExec1634698354.dir/CMakeCXXCompilerABI.cpp.o -lstdc++ -lm -lgcc_s -lgcc -lc -lgcc_s -lgcc /usr/lib/gcc/x86_64-linux-gnu/4.8/crtend.o /usr/lib/gcc/x86_64-linux-gnu/4.8/../../../x86_64-linux-gnu/crtn.o
make[1]: quittant le répertoire « /autofs/netapp/account/cremi/ysenel/tmp/rapport/git/pdpSmithDr/build/CMakeFiles/CMakeTmp »


Parsed CXX implicit link information from above output:
  link line regex: [^( *|.*[/\])(ld|([^/\]+-)?ld|collect2)[^/\]*( |$)]
  ignore line: [Change Dir: /autofs/netapp/account/cremi/ysenel/tmp/rapport/git/pdpSmithDr/build/CMakeFiles/CMakeTmp]
  ignore line: []
  ignore line: [Run Build Command:/usr/bin/make "cmTryCompileExec1634698354/fast"]
  ignore line: [/usr/bin/make -f CMakeFiles/cmTryCompileExec1634698354.dir/build.make CMakeFiles/cmTryCompileExec1634698354.dir/build]
  ignore line: [make[1]: entrant dans le répertoire « /autofs/netapp/account/cremi/ysenel/tmp/rapport/git/pdpSmithDr/build/CMakeFiles/CMakeTmp »]
  ignore line: [/usr/bin/cmake -E cmake_progress_report /autofs/netapp/account/cremi/ysenel/tmp/rapport/git/pdpSmithDr/build/CMakeFiles/CMakeTmp/CMakeFiles 1]
  ignore line: [Building CXX object CMakeFiles/cmTryCompileExec1634698354.dir/CMakeCXXCompilerABI.cpp.o]
  ignore line: [/usr/bin/c++     -o CMakeFiles/cmTryCompileExec1634698354.dir/CMakeCXXCompilerABI.cpp.o -c /usr/share/cmake-2.8/Modules/CMakeCXXCompilerABI.cpp]
  ignore line: [Linking CXX executable cmTryCompileExec1634698354]
  ignore line: [/usr/bin/cmake -E cmake_link_script CMakeFiles/cmTryCompileExec1634698354.dir/link.txt --verbose=1]
  ignore line: [/usr/bin/c++      -v CMakeFiles/cmTryCompileExec1634698354.dir/CMakeCXXCompilerABI.cpp.o  -o cmTryCompileExec1634698354 -rdynamic  ]
  ignore line: [Using built-in specs.]
  ignore line: [COLLECT_GCC=/usr/bin/c++]
  ignore line: [COLLECT_LTO_WRAPPER=/usr/lib/gcc/x86_64-linux-gnu/4.8/lto-wrapper]
  ignore line: [Target: x86_64-linux-gnu]
  ignore line: [Configured with: ../src/configure -v --with-pkgversion='Debian 4.8.2-16' --with-bugurl=file:///usr/share/doc/gcc-4.8/README.Bugs --enable-languages=c,c++,java,go,d,fortran,objc,obj-c++ --prefix=/usr --program-suffix=-4.8 --enable-shared --enable-linker-build-id --libexecdir=/usr/lib --without-included-gettext --enable-threads=posix --with-gxx-include-dir=/usr/include/c++/4.8 --libdir=/usr/lib --enable-nls --with-sysroot=/ --enable-clocale=gnu --enable-libstdcxx-debug --enable-libstdcxx-time=yes --enable-gnu-unique-object --disable-libmudflap --enable-plugin --with-system-zlib --disable-browser-plugin --enable-java-awt=gtk --enable-gtk-cairo --with-java-home=/usr/lib/jvm/java-1.5.0-gcj-4.8-amd64/jre --enable-java-home --with-jvm-root-dir=/usr/lib/jvm/java-1.5.0-gcj-4.8-amd64 --with-jvm-jar-dir=/usr/lib/jvm-exports/java-1.5.0-gcj-4.8-amd64 --with-arch-directory=amd64 --with-ecj-jar=/usr/share/java/eclipse-ecj.jar --enable-objc-gc --enable-multiarch --with-arch-32=i586 --with-abi=m64 --with-multilib-list=m32,m64,mx32 --with-tune=generic --enable-checking=release --build=x86_64-linux-gnu --host=x86_64-linux-gnu --target=x86_64-linux-gnu]
  ignore line: [Thread model: posix]
  ignore line: [gcc version 4.8.2 (Debian 4.8.2-16) ]
  ignore line: [COMPILER_PATH=/usr/lib/gcc/x86_64-linux-gnu/4.8/:/usr/lib/gcc/x86_64-linux-gnu/4.8/:/usr/lib/gcc/x86_64-linux-gnu/:/usr/lib/gcc/x86_64-linux-gnu/4.8/:/usr/lib/gcc/x86_64-linux-gnu/]
  ignore line: [LIBRARY_PATH=/usr/lib/gcc/x86_64-linux-gnu/4.8/:/usr/lib/gcc/x86_64-linux-gnu/4.8/../../../x86_64-linux-gnu/:/usr/lib/gcc/x86_64-linux-gnu/4.8/../../../../lib/:/lib/x86_64-linux-gnu/:/lib/../lib/:/usr/lib/x86_64-linux-gnu/:/usr/lib/../lib/:/usr/lib/gcc/x86_64-linux-gnu/4.8/../../../:/lib/:/usr/lib/]
  ignore line: [COLLECT_GCC_OPTIONS='-v' '-o' 'cmTryCompileExec1634698354' '-rdynamic' '-shared-libgcc' '-mtune=generic' '-march=x86-64']
  link line: [ /usr/lib/gcc/x86_64-linux-gnu/4.8/collect2 --sysroot=/ --build-id --eh-frame-hdr -m elf_x86_64 --hash-style=gnu -export-dynamic -dynamic-linker /lib64/ld-linux-x86-64.so.2 -o cmTryCompileExec1634698354 /usr/lib/gcc/x86_64-linux-gnu/4.8/../../../x86_64-linux-gnu/crt1.o /usr/lib/gcc/x86_64-linux-gnu/4.8/../../../x86_64-linux-gnu/crti.o /usr/lib/gcc/x86_64-linux-gnu/4.8/crtbegin.o -L/usr/lib/gcc/x86_64-linux-gnu/4.8 -L/usr/lib/gcc/x86_64-linux-gnu/4.8/../../../x86_64-linux-gnu -L/usr/lib/gcc/x86_64-linux-gnu/4.8/../../../../lib -L/lib/x86_64-linux-gnu -L/lib/../lib -L/usr/lib/x86_64-linux-gnu -L/usr/lib/../lib -L/usr/lib/gcc/x86_64-linux-gnu/4.8/../../.. CMakeFiles/cmTryCompileExec1634698354.dir/CMakeCXXCompilerABI.cpp.o -lstdc++ -lm -lgcc_s -lgcc -lc -lgcc_s -lgcc /usr/lib/gcc/x86_64-linux-gnu/4.8/crtend.o /usr/lib/gcc/x86_64-linux-gnu/4.8/../../../x86_64-linux-gnu/crtn.o]
    arg [/usr/lib/gcc/x86_64-linux-gnu/4.8/collect2] ==> ignore
    arg [--sysroot=/] ==> ignore
    arg [--build-id] ==> ignore
    arg [--eh-frame-hdr] ==> ignore
    arg [-m] ==> ignore
    arg [elf_x86_64] ==> ignore
    arg [--hash-style=gnu] ==> ignore
    arg [-export-dynamic] ==> ignore
    arg [-dynamic-linker] ==> ignore
    arg [/lib64/ld-linux-x86-64.so.2] ==> ignore
    arg [-o] ==> ignore
    arg [cmTryCompileExec1634698354] ==> ignore
    arg [/usr/lib/gcc/x86_64-linux-gnu/4.8/../../../x86_64-linux-gnu/crt1.o] ==> ignore
    arg [/usr/lib/gcc/x86_64-linux-gnu/4.8/../../../x86_64-linux-gnu/crti.o] ==> ignore
    arg [/usr/lib/gcc/x86_64-linux-gnu/4.8/crtbegin.o] ==> ignore
    arg [-L/usr/lib/gcc/x86_64-linux-gnu/4.8] ==> dir [/usr/lib/gcc/x86_64-linux-gnu/4.8]
    arg [-L/usr/lib/gcc/x86_64-linux-gnu/4.8/../../../x86_64-linux-gnu] ==> dir [/usr/lib/gcc/x86_64-linux-gnu/4.8/../../../x86_64-linux-gnu]
    arg [-L/usr/lib/gcc/x86_64-linux-gnu/4.8/../../../../lib] ==> dir [/usr/lib/gcc/x86_64-linux-gnu/4.8/../../../../lib]
    arg [-L/lib/x86_64-linux-gnu] ==> dir [/lib/x86_64-linux-gnu]
    arg [-L/lib/../lib] ==> dir [/lib/../lib]
    arg [-L/usr/lib/x86_64-linux-gnu] ==> dir [/usr/lib/x86_64-linux-gnu]
    arg [-L/usr/lib/../lib] ==> dir [/usr/lib/../lib]
    arg [-L/usr/lib/gcc/x86_64-linux-gnu/4.8/../../..] ==> dir [/usr/lib/gcc/x86_64-linux-gnu/4.8/../../..]
    arg [CMakeFiles/cmTryCompileExec1634698354.dir/CMakeCXXCompilerABI.cpp.o] ==> ignore
    arg [-lstdc++] ==> lib [stdc++]
    arg [-lm] ==> lib [m]
    arg [-lgcc_s] ==> lib [gcc_s]
    arg [-lgcc] ==> lib [gcc]
    arg [-lc] ==> lib [c]
    arg [-lgcc_s] ==> lib [gcc_s]
    arg [-lgcc] ==> lib [gcc]
    arg [/usr/lib/gcc/x86_64-linux-gnu/4.8/crtend.o] ==> ignore
    arg [/usr/lib/gcc/x86_64-linux-gnu/4.8/../../../x86_64-linux-gnu/crtn.o] ==> ignore
  remove lib [gcc_s]
  remove lib [gcc]
  remove lib [gcc_s]
  remove lib [gcc]
  collapse library dir [/usr/lib/gcc/x86_64-linux-gnu/4.8] ==> [/usr/lib/gcc/x86_64-linux-gnu/4.8]
  collapse library dir [/usr/lib/gcc/x86_64-linux-gnu/4.8/../../../x86_64-linux-gnu] ==> [/usr/lib/x86_64-linux-gnu]
  collapse library dir [/usr/lib/gcc/x86_64-linux-gnu/4.8/../../../../lib] ==> [/usr/lib]
  collapse library dir [/lib/x86_64-linux-gnu] ==> [/lib/x86_64-linux-gnu]
  collapse library dir [/lib/../lib] ==> [/lib]
  collapse library dir [/usr/lib/x86_64-linux-gnu] ==> [/usr/lib/x86_64-linux-gnu]
  collapse library dir [/usr/lib/../lib] ==> [/usr/lib]
  collapse library dir [/usr/lib/gcc/x86_64-linux-gnu/4.8/../../..] ==> [/usr/lib]
  implicit libs: [stdc++;m;c]
  implicit dirs: [/usr/lib/gcc/x86_64-linux-gnu/4.8;/usr/lib/x86_64-linux-gnu;/usr/lib;/lib/x86_64-linux-gnu;/lib]
  implicit fwks: []


Performing C++ SOURCE FILE Test HAVE_TR1_SHARED_PTR succeded with the following output:
Change Dir: /autofs/netapp/account/cremi/ysenel/tmp/rapport/git/pdpSmithDr/build/CMakeFiles/CMakeTmp

Run Build Command:/usr/bin/make "cmTryCompileExec2343503866/fast"
/usr/bin/make -f CMakeFiles/cmTryCompileExec2343503866.dir/build.make CMakeFiles/cmTryCompileExec2343503866.dir/build
make[1]: entrant dans le répertoire « /autofs/netapp/account/cremi/ysenel/tmp/rapport/git/pdpSmithDr/build/CMakeFiles/CMakeTmp »
/usr/bin/cmake -E cmake_progress_report /autofs/netapp/account/cremi/ysenel/tmp/rapport/git/pdpSmithDr/build/CMakeFiles/CMakeTmp/CMakeFiles 1
Building CXX object CMakeFiles/cmTryCompileExec2343503866.dir/src.cxx.o
/usr/bin/c++    -DHAVE_TR1_SHARED_PTR   -o CMakeFiles/cmTryCompileExec2343503866.dir/src.cxx.o -c /autofs/netapp/account/cremi/ysenel/tmp/rapport/git/pdpSmithDr/build/CMakeFiles/CMakeTmp/src.cxx
Linking CXX executable cmTryCompileExec2343503866
/usr/bin/cmake -E cmake_link_script CMakeFiles/cmTryCompileExec2343503866.dir/link.txt --verbose=1
/usr/bin/c++    -DHAVE_TR1_SHARED_PTR    CMakeFiles/cmTryCompileExec2343503866.dir/src.cxx.o  -o cmTryCompileExec2343503866 -rdynamic 
make[1]: quittant le répertoire « /autofs/netapp/account/cremi/ysenel/tmp/rapport/git/pdpSmithDr/build/CMakeFiles/CMakeTmp »

Source file was:

        #include <tr1/memory>
        int main() {
            std::tr1::shared_ptr<int> ptr;
            return 0;
        }
    
Performing C++ SOURCE FILE Test HAVE_BOOST_TR1_SHARED_PTR succeded with the following output:
Change Dir: /autofs/netapp/account/cremi/ysenel/tmp/rapport/git/pdpSmithDr/build/CMakeFiles/CMakeTmp

Run Build Command:/usr/bin/make "cmTryCompileExec2016881964/fast"
/usr/bin/make -f CMakeFiles/cmTryCompileExec2016881964.dir/build.make CMakeFiles/cmTryCompileExec2016881964.dir/build
make[1]: entrant dans le répertoire « /autofs/netapp/account/cremi/ysenel/tmp/rapport/git/pdpSmithDr/build/CMakeFiles/CMakeTmp »
/usr/bin/cmake -E cmake_progress_report /autofs/netapp/account/cremi/ysenel/tmp/rapport/git/pdpSmithDr/build/CMakeFiles/CMakeTmp/CMakeFiles 1
Building CXX object CMakeFiles/cmTryCompileExec2016881964.dir/src.cxx.o
/usr/bin/c++    -DHAVE_BOOST_TR1_SHARED_PTR   -o CMakeFiles/cmTryCompileExec2016881964.dir/src.cxx.o -c /autofs/netapp/account/cremi/ysenel/tmp/rapport/git/pdpSmithDr/build/CMakeFiles/CMakeTmp/src.cxx
Linking CXX executable cmTryCompileExec2016881964
/usr/bin/cmake -E cmake_link_script CMakeFiles/cmTryCompileExec2016881964.dir/link.txt --verbose=1
/usr/bin/c++    -DHAVE_BOOST_TR1_SHARED_PTR    CMakeFiles/cmTryCompileExec2016881964.dir/src.cxx.o  -o cmTryCompileExec2016881964 -rdynamic 
make[1]: quittant le répertoire « /autofs/netapp/account/cremi/ysenel/tmp/rapport/git/pdpSmithDr/build/CMakeFiles/CMakeTmp »

Source file was:

        #include <boost/tr1/memory.hpp>
        int main() {
            std::tr1::shared_ptr<int> ptr;
            return 0;
        }
    
Performing C++ SOURCE FILE Test HAVE_BOOST_SHARED_PTR succeded with the following output:
Change Dir: /autofs/netapp/account/cremi/ysenel/tmp/rapport/git/pdpSmithDr/build/CMakeFiles/CMakeTmp

Run Build Command:/usr/bin/make "cmTryCompileExec3963417274/fast"
/usr/bin/make -f CMakeFiles/cmTryCompileExec3963417274.dir/build.make CMakeFiles/cmTryCompileExec3963417274.dir/build
make[1]: entrant dans le répertoire « /autofs/netapp/account/cremi/ysenel/tmp/rapport/git/pdpSmithDr/build/CMakeFiles/CMakeTmp »
/usr/bin/cmake -E cmake_progress_report /autofs/netapp/account/cremi/ysenel/tmp/rapport/git/pdpSmithDr/build/CMakeFiles/CMakeTmp/CMakeFiles 1
Building CXX object CMakeFiles/cmTryCompileExec3963417274.dir/src.cxx.o
/usr/bin/c++    -DHAVE_BOOST_SHARED_PTR   -o CMakeFiles/cmTryCompileExec3963417274.dir/src.cxx.o -c /autofs/netapp/account/cremi/ysenel/tmp/rapport/git/pdpSmithDr/build/CMakeFiles/CMakeTmp/src.cxx
Linking CXX executable cmTryCompileExec3963417274
/usr/bin/cmake -E cmake_link_script CMakeFiles/cmTryCompileExec3963417274.dir/link.txt --verbose=1
/usr/bin/c++    -DHAVE_BOOST_SHARED_PTR    CMakeFiles/cmTryCompileExec3963417274.dir/src.cxx.o  -o cmTryCompileExec3963417274 -rdynamic 
make[1]: quittant le répertoire « /autofs/netapp/account/cremi/ysenel/tmp/rapport/git/pdpSmithDr/build/CMakeFiles/CMakeTmp »

Source file was:

        #include <boost/shared_ptr.hpp>
        int main() {
            boost::shared_ptr<int> ptr;
            return 0;
        }
    
Determining if the Q_WS_X11 exist passed with the following output:
Change Dir: /autofs/netapp/account/cremi/ysenel/tmp/rapport/git/pdpSmithDr/build/CMakeFiles/CMakeTmp

Run Build Command:/usr/bin/make "cmTryCompileExec3288902158/fast"
/usr/bin/make -f CMakeFiles/cmTryCompileExec3288902158.dir/build.make CMakeFiles/cmTryCompileExec3288902158.dir/build
make[1]: entrant dans le répertoire « /autofs/netapp/account/cremi/ysenel/tmp/rapport/git/pdpSmithDr/build/CMakeFiles/CMakeTmp »
/usr/bin/cmake -E cmake_progress_report /autofs/netapp/account/cremi/ysenel/tmp/rapport/git/pdpSmithDr/build/CMakeFiles/CMakeTmp/CMakeFiles 1
Building CXX object CMakeFiles/cmTryCompileExec3288902158.dir/CheckSymbolExists.cxx.o
/usr/bin/c++    -I/usr/include/qt4    -o CMakeFiles/cmTryCompileExec3288902158.dir/CheckSymbolExists.cxx.o -c /autofs/netapp/account/cremi/ysenel/tmp/rapport/git/pdpSmithDr/build/CMakeFiles/CMakeTmp/CheckSymbolExists.cxx
Linking CXX executable cmTryCompileExec3288902158
/usr/bin/cmake -E cmake_link_script CMakeFiles/cmTryCompileExec3288902158.dir/link.txt --verbose=1
/usr/bin/c++        CMakeFiles/cmTryCompileExec3288902158.dir/CheckSymbolExists.cxx.o  -o cmTryCompileExec3288902158 -rdynamic 
make[1]: quittant le répertoire « /autofs/netapp/account/cremi/ysenel/tmp/rapport/git/pdpSmithDr/build/CMakeFiles/CMakeTmp »

File /autofs/netapp/account/cremi/ysenel/tmp/rapport/git/pdpSmithDr/build/CMakeFiles/CMakeTmp/CheckSymbolExists.cxx:
/* */
#include <QtCore/qglobal.h>

int main(int argc, char** argv)
{
  (void)argv;
#ifndef Q_WS_X11
  return ((int*)(&Q_WS_X11))[argc];
#else
  (void)argc;
  return 0;
#endif
}

Determining if the function XOpenDisplay exists in the /usr/lib/x86_64-linux-gnu/libX11.so;/usr/lib/x86_64-linux-gnu/libXext.so passed with the following output:
Change Dir: /autofs/netapp/account/cremi/ysenel/tmp/rapport/git/pdpSmithDr/build/CMakeFiles/CMakeTmp

Run Build Command:/usr/bin/make "cmTryCompileExec722185289/fast"
/usr/bin/make -f CMakeFiles/cmTryCompileExec722185289.dir/build.make CMakeFiles/cmTryCompileExec722185289.dir/build
make[1]: entrant dans le répertoire « /autofs/netapp/account/cremi/ysenel/tmp/rapport/git/pdpSmithDr/build/CMakeFiles/CMakeTmp »
/usr/bin/cmake -E cmake_progress_report /autofs/netapp/account/cremi/ysenel/tmp/rapport/git/pdpSmithDr/build/CMakeFiles/CMakeTmp/CMakeFiles 1
Building C object CMakeFiles/cmTryCompileExec722185289.dir/CheckFunctionExists.c.o
/usr/bin/cc   -DCHECK_FUNCTION_EXISTS=XOpenDisplay   -o CMakeFiles/cmTryCompileExec722185289.dir/CheckFunctionExists.c.o   -c /usr/share/cmake-2.8/Modules/CheckFunctionExists.c
Linking C executable cmTryCompileExec722185289
/usr/bin/cmake -E cmake_link_script CMakeFiles/cmTryCompileExec722185289.dir/link.txt --verbose=1
/usr/bin/cc   -DCHECK_FUNCTION_EXISTS=XOpenDisplay    CMakeFiles/cmTryCompileExec722185289.dir/CheckFunctionExists.c.o  -o cmTryCompileExec722185289 -rdynamic -lX11 -lXext 
make[1]: quittant le répertoire « /autofs/netapp/account/cremi/ysenel/tmp/rapport/git/pdpSmithDr/build/CMakeFiles/CMakeTmp »


Determining if the function gethostbyname exists passed with the following output:
Change Dir: /autofs/netapp/account/cremi/ysenel/tmp/rapport/git/pdpSmithDr/build/CMakeFiles/CMakeTmp

Run Build Command:/usr/bin/make "cmTryCompileExec977398547/fast"
/usr/bin/make -f CMakeFiles/cmTryCompileExec977398547.dir/build.make CMakeFiles/cmTryCompileExec977398547.dir/build
make[1]: entrant dans le répertoire « /autofs/netapp/account/cremi/ysenel/tmp/rapport/git/pdpSmithDr/build/CMakeFiles/CMakeTmp »
/usr/bin/cmake -E cmake_progress_report /autofs/netapp/account/cremi/ysenel/tmp/rapport/git/pdpSmithDr/build/CMakeFiles/CMakeTmp/CMakeFiles 1
Building C object CMakeFiles/cmTryCompileExec977398547.dir/CheckFunctionExists.c.o
/usr/bin/cc   -DCHECK_FUNCTION_EXISTS=gethostbyname   -o CMakeFiles/cmTryCompileExec977398547.dir/CheckFunctionExists.c.o   -c /usr/share/cmake-2.8/Modules/CheckFunctionExists.c
Linking C executable cmTryCompileExec977398547
/usr/bin/cmake -E cmake_link_script CMakeFiles/cmTryCompileExec977398547.dir/link.txt --verbose=1
/usr/bin/cc   -DCHECK_FUNCTION_EXISTS=gethostbyname    CMakeFiles/cmTryCompileExec977398547.dir/CheckFunctionExists.c.o  -o cmTryCompileExec977398547 -rdynamic 
make[1]: quittant le répertoire « /autofs/netapp/account/cremi/ysenel/tmp/rapport/git/pdpSmithDr/build/CMakeFiles/CMakeTmp »


Determining if the function connect exists passed with the following output:
Change Dir: /autofs/netapp/account/cremi/ysenel/tmp/rapport/git/pdpSmithDr/build/CMakeFiles/CMakeTmp

Run Build Command:/usr/bin/make "cmTryCompileExec655462196/fast"
/usr/bin/make -f CMakeFiles/cmTryCompileExec655462196.dir/build.make CMakeFiles/cmTryCompileExec655462196.dir/build
make[1]: entrant dans le répertoire « /autofs/netapp/account/cremi/ysenel/tmp/rapport/git/pdpSmithDr/build/CMakeFiles/CMakeTmp »
/usr/bin/cmake -E cmake_progress_report /autofs/netapp/account/cremi/ysenel/tmp/rapport/git/pdpSmithDr/build/CMakeFiles/CMakeTmp/CMakeFiles 1
Building C object CMakeFiles/cmTryCompileExec655462196.dir/CheckFunctionExists.c.o
/usr/bin/cc   -DCHECK_FUNCTION_EXISTS=connect   -o CMakeFiles/cmTryCompileExec655462196.dir/CheckFunctionExists.c.o   -c /usr/share/cmake-2.8/Modules/CheckFunctionExists.c
Linking C executable cmTryCompileExec655462196
/usr/bin/cmake -E cmake_link_script CMakeFiles/cmTryCompileExec655462196.dir/link.txt --verbose=1
/usr/bin/cc   -DCHECK_FUNCTION_EXISTS=connect    CMakeFiles/cmTryCompileExec655462196.dir/CheckFunctionExists.c.o  -o cmTryCompileExec655462196 -rdynamic 
make[1]: quittant le répertoire « /autofs/netapp/account/cremi/ysenel/tmp/rapport/git/pdpSmithDr/build/CMakeFiles/CMakeTmp »


Determining if the function remove exists passed with the following output:
Change Dir: /autofs/netapp/account/cremi/ysenel/tmp/rapport/git/pdpSmithDr/build/CMakeFiles/CMakeTmp

Run Build Command:/usr/bin/make "cmTryCompileExec2100284221/fast"
/usr/bin/make -f CMakeFiles/cmTryCompileExec2100284221.dir/build.make CMakeFiles/cmTryCompileExec2100284221.dir/build
make[1]: entrant dans le répertoire « /autofs/netapp/account/cremi/ysenel/tmp/rapport/git/pdpSmithDr/build/CMakeFiles/CMakeTmp »
/usr/bin/cmake -E cmake_progress_report /autofs/netapp/account/cremi/ysenel/tmp/rapport/git/pdpSmithDr/build/CMakeFiles/CMakeTmp/CMakeFiles 1
Building C object CMakeFiles/cmTryCompileExec2100284221.dir/CheckFunctionExists.c.o
/usr/bin/cc   -DCHECK_FUNCTION_EXISTS=remove   -o CMakeFiles/cmTryCompileExec2100284221.dir/CheckFunctionExists.c.o   -c /usr/share/cmake-2.8/Modules/CheckFunctionExists.c
Linking C executable cmTryCompileExec2100284221
/usr/bin/cmake -E cmake_link_script CMakeFiles/cmTryCompileExec2100284221.dir/link.txt --verbose=1
/usr/bin/cc   -DCHECK_FUNCTION_EXISTS=remove    CMakeFiles/cmTryCompileExec2100284221.dir/CheckFunctionExists.c.o  -o cmTryCompileExec2100284221 -rdynamic 
make[1]: quittant le répertoire « /autofs/netapp/account/cremi/ysenel/tmp/rapport/git/pdpSmithDr/build/CMakeFiles/CMakeTmp »


Determining if the function shmat exists passed with the following output:
Change Dir: /autofs/netapp/account/cremi/ysenel/tmp/rapport/git/pdpSmithDr/build/CMakeFiles/CMakeTmp

Run Build Command:/usr/bin/make "cmTryCompileExec2902232649/fast"
/usr/bin/make -f CMakeFiles/cmTryCompileExec2902232649.dir/build.make CMakeFiles/cmTryCompileExec2902232649.dir/build
make[1]: entrant dans le répertoire « /autofs/netapp/account/cremi/ysenel/tmp/rapport/git/pdpSmithDr/build/CMakeFiles/CMakeTmp »
/usr/bin/cmake -E cmake_progress_report /autofs/netapp/account/cremi/ysenel/tmp/rapport/git/pdpSmithDr/build/CMakeFiles/CMakeTmp/CMakeFiles 1
Building C object CMakeFiles/cmTryCompileExec2902232649.dir/CheckFunctionExists.c.o
/usr/bin/cc   -DCHECK_FUNCTION_EXISTS=shmat   -o CMakeFiles/cmTryCompileExec2902232649.dir/CheckFunctionExists.c.o   -c /usr/share/cmake-2.8/Modules/CheckFunctionExists.c
Linking C executable cmTryCompileExec2902232649
/usr/bin/cmake -E cmake_link_script CMakeFiles/cmTryCompileExec2902232649.dir/link.txt --verbose=1
/usr/bin/cc   -DCHECK_FUNCTION_EXISTS=shmat    CMakeFiles/cmTryCompileExec2902232649.dir/CheckFunctionExists.c.o  -o cmTryCompileExec2902232649 -rdynamic 
make[1]: quittant le répertoire « /autofs/netapp/account/cremi/ysenel/tmp/rapport/git/pdpSmithDr/build/CMakeFiles/CMakeTmp »


Determining if the function IceConnectionNumber exists in the ICE passed with the following output:
Change Dir: /autofs/netapp/account/cremi/ysenel/tmp/rapport/git/pdpSmithDr/build/CMakeFiles/CMakeTmp

Run Build Command:/usr/bin/make "cmTryCompileExec2393054055/fast"
/usr/bin/make -f CMakeFiles/cmTryCompileExec2393054055.dir/build.make CMakeFiles/cmTryCompileExec2393054055.dir/build
make[1]: entrant dans le répertoire « /autofs/netapp/account/cremi/ysenel/tmp/rapport/git/pdpSmithDr/build/CMakeFiles/CMakeTmp »
/usr/bin/cmake -E cmake_progress_report /autofs/netapp/account/cremi/ysenel/tmp/rapport/git/pdpSmithDr/build/CMakeFiles/CMakeTmp/CMakeFiles 1
Building C object CMakeFiles/cmTryCompileExec2393054055.dir/CheckFunctionExists.c.o
/usr/bin/cc   -DCHECK_FUNCTION_EXISTS=IceConnectionNumber   -o CMakeFiles/cmTryCompileExec2393054055.dir/CheckFunctionExists.c.o   -c /usr/share/cmake-2.8/Modules/CheckFunctionExists.c
Linking C executable cmTryCompileExec2393054055
/usr/bin/cmake -E cmake_link_script CMakeFiles/cmTryCompileExec2393054055.dir/link.txt --verbose=1
/usr/bin/cc   -DCHECK_FUNCTION_EXISTS=IceConnectionNumber    CMakeFiles/cmTryCompileExec2393054055.dir/CheckFunctionExists.c.o  -o cmTryCompileExec2393054055 -rdynamic -lICE 
make[1]: quittant le répertoire « /autofs/netapp/account/cremi/ysenel/tmp/rapport/git/pdpSmithDr/build/CMakeFiles/CMakeTmp »


