Performing C++ SOURCE FILE Test HAVE_CPP0X_SHARED_PTR failed with the following output:
Change Dir: /autofs/netapp/account/cremi/sbassett/cours/PDP/final/pdpSmithDr/build/CMakeFiles/CMakeTmp

Run Build Command:/usr/bin/make "cmTryCompileExec1142775501/fast"
/usr/bin/make -f CMakeFiles/cmTryCompileExec1142775501.dir/build.make CMakeFiles/cmTryCompileExec1142775501.dir/build
make[1]: entrant dans le répertoire « /autofs/netapp/account/cremi/sbassett/cours/PDP/final/pdpSmithDr/build/CMakeFiles/CMakeTmp »
/usr/bin/cmake -E cmake_progress_report /autofs/netapp/account/cremi/sbassett/cours/PDP/final/pdpSmithDr/build/CMakeFiles/CMakeTmp/CMakeFiles 1
Building CXX object CMakeFiles/cmTryCompileExec1142775501.dir/src.cxx.o
/usr/bin/c++    -DHAVE_CPP0X_SHARED_PTR   -o CMakeFiles/cmTryCompileExec1142775501.dir/src.cxx.o -c /autofs/netapp/account/cremi/sbassett/cours/PDP/final/pdpSmithDr/build/CMakeFiles/CMakeTmp/src.cxx
/autofs/netapp/account/cremi/sbassett/cours/PDP/final/pdpSmithDr/build/CMakeFiles/CMakeTmp/src.cxx: In function ‘int main()’:
/autofs/netapp/account/cremi/sbassett/cours/PDP/final/pdpSmithDr/build/CMakeFiles/CMakeTmp/src.cxx:4:13: error: ‘shared_ptr’ is not a member of ‘std’
             std::shared_ptr<int> ptr;
             ^
/autofs/netapp/account/cremi/sbassett/cours/PDP/final/pdpSmithDr/build/CMakeFiles/CMakeTmp/src.cxx:4:29: error: expected primary-expression before ‘int’
             std::shared_ptr<int> ptr;
                             ^
/autofs/netapp/account/cremi/sbassett/cours/PDP/final/pdpSmithDr/build/CMakeFiles/CMakeTmp/src.cxx:4:29: error: expected ‘;’ before ‘int’
make[1]: *** [CMakeFiles/cmTryCompileExec1142775501.dir/src.cxx.o] Erreur 1
make[1]: quittant le répertoire « /autofs/netapp/account/cremi/sbassett/cours/PDP/final/pdpSmithDr/build/CMakeFiles/CMakeTmp »
make: *** [cmTryCompileExec1142775501/fast] Erreur 2

Source file was:

        #include <memory>
        int main() {
            std::shared_ptr<int> ptr;
            return 0;
        }
    
Determining if the Q_WS_WIN exist failed with the following output:
Change Dir: /autofs/netapp/account/cremi/sbassett/cours/PDP/final/pdpSmithDr/build/CMakeFiles/CMakeTmp

Run Build Command:/usr/bin/make "cmTryCompileExec3944119518/fast"
/usr/bin/make -f CMakeFiles/cmTryCompileExec3944119518.dir/build.make CMakeFiles/cmTryCompileExec3944119518.dir/build
make[1]: entrant dans le répertoire « /autofs/netapp/account/cremi/sbassett/cours/PDP/final/pdpSmithDr/build/CMakeFiles/CMakeTmp »
/usr/bin/cmake -E cmake_progress_report /autofs/netapp/account/cremi/sbassett/cours/PDP/final/pdpSmithDr/build/CMakeFiles/CMakeTmp/CMakeFiles 1
Building CXX object CMakeFiles/cmTryCompileExec3944119518.dir/CheckSymbolExists.cxx.o
/usr/bin/c++    -I/usr/include/qt4    -o CMakeFiles/cmTryCompileExec3944119518.dir/CheckSymbolExists.cxx.o -c /autofs/netapp/account/cremi/sbassett/cours/PDP/final/pdpSmithDr/build/CMakeFiles/CMakeTmp/CheckSymbolExists.cxx
/autofs/netapp/account/cremi/sbassett/cours/PDP/final/pdpSmithDr/build/CMakeFiles/CMakeTmp/CheckSymbolExists.cxx: In function ‘int main(int, char**)’:
/autofs/netapp/account/cremi/sbassett/cours/PDP/final/pdpSmithDr/build/CMakeFiles/CMakeTmp/CheckSymbolExists.cxx:8:19: error: ‘Q_WS_WIN’ was not declared in this scope
   return ((int*)(&Q_WS_WIN))[argc];
                   ^
make[1]: *** [CMakeFiles/cmTryCompileExec3944119518.dir/CheckSymbolExists.cxx.o] Erreur 1
make[1]: quittant le répertoire « /autofs/netapp/account/cremi/sbassett/cours/PDP/final/pdpSmithDr/build/CMakeFiles/CMakeTmp »
make: *** [cmTryCompileExec3944119518/fast] Erreur 2

File /autofs/netapp/account/cremi/sbassett/cours/PDP/final/pdpSmithDr/build/CMakeFiles/CMakeTmp/CheckSymbolExists.cxx:
/* */
#include <QtCore/qglobal.h>

int main(int argc, char** argv)
{
  (void)argv;
#ifndef Q_WS_WIN
  return ((int*)(&Q_WS_WIN))[argc];
#else
  (void)argc;
  return 0;
#endif
}

Determining if the Q_WS_QWS exist failed with the following output:
Change Dir: /autofs/netapp/account/cremi/sbassett/cours/PDP/final/pdpSmithDr/build/CMakeFiles/CMakeTmp

Run Build Command:/usr/bin/make "cmTryCompileExec4215874670/fast"
/usr/bin/make -f CMakeFiles/cmTryCompileExec4215874670.dir/build.make CMakeFiles/cmTryCompileExec4215874670.dir/build
make[1]: entrant dans le répertoire « /autofs/netapp/account/cremi/sbassett/cours/PDP/final/pdpSmithDr/build/CMakeFiles/CMakeTmp »
/usr/bin/cmake -E cmake_progress_report /autofs/netapp/account/cremi/sbassett/cours/PDP/final/pdpSmithDr/build/CMakeFiles/CMakeTmp/CMakeFiles 1
Building CXX object CMakeFiles/cmTryCompileExec4215874670.dir/CheckSymbolExists.cxx.o
/usr/bin/c++    -I/usr/include/qt4    -o CMakeFiles/cmTryCompileExec4215874670.dir/CheckSymbolExists.cxx.o -c /autofs/netapp/account/cremi/sbassett/cours/PDP/final/pdpSmithDr/build/CMakeFiles/CMakeTmp/CheckSymbolExists.cxx
/autofs/netapp/account/cremi/sbassett/cours/PDP/final/pdpSmithDr/build/CMakeFiles/CMakeTmp/CheckSymbolExists.cxx: In function ‘int main(int, char**)’:
/autofs/netapp/account/cremi/sbassett/cours/PDP/final/pdpSmithDr/build/CMakeFiles/CMakeTmp/CheckSymbolExists.cxx:8:19: error: ‘Q_WS_QWS’ was not declared in this scope
   return ((int*)(&Q_WS_QWS))[argc];
                   ^
make[1]: *** [CMakeFiles/cmTryCompileExec4215874670.dir/CheckSymbolExists.cxx.o] Erreur 1
make[1]: quittant le répertoire « /autofs/netapp/account/cremi/sbassett/cours/PDP/final/pdpSmithDr/build/CMakeFiles/CMakeTmp »
make: *** [cmTryCompileExec4215874670/fast] Erreur 2

File /autofs/netapp/account/cremi/sbassett/cours/PDP/final/pdpSmithDr/build/CMakeFiles/CMakeTmp/CheckSymbolExists.cxx:
/* */
#include <QtCore/qglobal.h>

int main(int argc, char** argv)
{
  (void)argv;
#ifndef Q_WS_QWS
  return ((int*)(&Q_WS_QWS))[argc];
#else
  (void)argc;
  return 0;
#endif
}

Determining if the Q_WS_MAC exist failed with the following output:
Change Dir: /autofs/netapp/account/cremi/sbassett/cours/PDP/final/pdpSmithDr/build/CMakeFiles/CMakeTmp

Run Build Command:/usr/bin/make "cmTryCompileExec3376447423/fast"
/usr/bin/make -f CMakeFiles/cmTryCompileExec3376447423.dir/build.make CMakeFiles/cmTryCompileExec3376447423.dir/build
make[1]: entrant dans le répertoire « /autofs/netapp/account/cremi/sbassett/cours/PDP/final/pdpSmithDr/build/CMakeFiles/CMakeTmp »
/usr/bin/cmake -E cmake_progress_report /autofs/netapp/account/cremi/sbassett/cours/PDP/final/pdpSmithDr/build/CMakeFiles/CMakeTmp/CMakeFiles 1
Building CXX object CMakeFiles/cmTryCompileExec3376447423.dir/CheckSymbolExists.cxx.o
/usr/bin/c++    -I/usr/include/qt4    -o CMakeFiles/cmTryCompileExec3376447423.dir/CheckSymbolExists.cxx.o -c /autofs/netapp/account/cremi/sbassett/cours/PDP/final/pdpSmithDr/build/CMakeFiles/CMakeTmp/CheckSymbolExists.cxx
/autofs/netapp/account/cremi/sbassett/cours/PDP/final/pdpSmithDr/build/CMakeFiles/CMakeTmp/CheckSymbolExists.cxx: In function ‘int main(int, char**)’:
/autofs/netapp/account/cremi/sbassett/cours/PDP/final/pdpSmithDr/build/CMakeFiles/CMakeTmp/CheckSymbolExists.cxx:8:19: error: ‘Q_WS_MAC’ was not declared in this scope
   return ((int*)(&Q_WS_MAC))[argc];
                   ^
make[1]: *** [CMakeFiles/cmTryCompileExec3376447423.dir/CheckSymbolExists.cxx.o] Erreur 1
make[1]: quittant le répertoire « /autofs/netapp/account/cremi/sbassett/cours/PDP/final/pdpSmithDr/build/CMakeFiles/CMakeTmp »
make: *** [cmTryCompileExec3376447423/fast] Erreur 2

File /autofs/netapp/account/cremi/sbassett/cours/PDP/final/pdpSmithDr/build/CMakeFiles/CMakeTmp/CheckSymbolExists.cxx:
/* */
#include <QtCore/qglobal.h>

int main(int argc, char** argv)
{
  (void)argv;
#ifndef Q_WS_MAC
  return ((int*)(&Q_WS_MAC))[argc];
#else
  (void)argc;
  return 0;
#endif
}

